Determining if the pthread_create exist failed with the following output:
Change Dir: /home/kusanagi/Documents/Workspaces/autoware_calibration/build/CMakeFiles/CMakeTmp

Run Build Command:"/usr/bin/make" "cmTryCompileExec2324426210/fast"
/usr/bin/make -f CMakeFiles/cmTryCompileExec2324426210.dir/build.make CMakeFiles/cmTryCompileExec2324426210.dir/build
make[1]: Entering directory `/home/kusanagi/Documents/Workspaces/autoware_calibration/build/CMakeFiles/CMakeTmp'
/usr/bin/cmake -E cmake_progress_report /home/kusanagi/Documents/Workspaces/autoware_calibration/build/CMakeFiles/CMakeTmp/CMakeFiles 1
Building C object CMakeFiles/cmTryCompileExec2324426210.dir/CheckSymbolExists.c.o
/usr/bin/cc    -o CMakeFiles/cmTryCompileExec2324426210.dir/CheckSymbolExists.c.o   -c /home/kusanagi/Documents/Workspaces/autoware_calibration/build/CMakeFiles/CMakeTmp/CheckSymbolExists.c
Linking C executable cmTryCompileExec2324426210
/usr/bin/cmake -E cmake_link_script CMakeFiles/cmTryCompileExec2324426210.dir/link.txt --verbose=1
/usr/bin/cc       CMakeFiles/cmTryCompileExec2324426210.dir/CheckSymbolExists.c.o  -o cmTryCompileExec2324426210 -rdynamic 
CMakeFiles/cmTryCompileExec2324426210.dir/CheckSymbolExists.c.o: In function `main':
CheckSymbolExists.c:(.text+0x16): undefined reference to `pthread_create'
collect2: error: ld returned 1 exit status
make[1]: *** [cmTryCompileExec2324426210] Error 1
make[1]: Leaving directory `/home/kusanagi/Documents/Workspaces/autoware_calibration/build/CMakeFiles/CMakeTmp'
make: *** [cmTryCompileExec2324426210/fast] Error 2

File /home/kusanagi/Documents/Workspaces/autoware_calibration/build/CMakeFiles/CMakeTmp/CheckSymbolExists.c:
/* */
#include <pthread.h>

int main(int argc, char** argv)
{
  (void)argv;
#ifndef pthread_create
  return ((int*)(&pthread_create))[argc];
#else
  (void)argc;
  return 0;
#endif
}

Determining if the function pthread_create exists in the pthreads failed with the following output:
Change Dir: /home/kusanagi/Documents/Workspaces/autoware_calibration/build/CMakeFiles/CMakeTmp

Run Build Command:"/usr/bin/make" "cmTryCompileExec320025797/fast"
/usr/bin/make -f CMakeFiles/cmTryCompileExec320025797.dir/build.make CMakeFiles/cmTryCompileExec320025797.dir/build
make[1]: Entering directory `/home/kusanagi/Documents/Workspaces/autoware_calibration/build/CMakeFiles/CMakeTmp'
/usr/bin/cmake -E cmake_progress_report /home/kusanagi/Documents/Workspaces/autoware_calibration/build/CMakeFiles/CMakeTmp/CMakeFiles 1
Building C object CMakeFiles/cmTryCompileExec320025797.dir/CheckFunctionExists.c.o
/usr/bin/cc   -DCHECK_FUNCTION_EXISTS=pthread_create   -o CMakeFiles/cmTryCompileExec320025797.dir/CheckFunctionExists.c.o   -c /usr/share/cmake-3.2/Modules/CheckFunctionExists.c
Linking C executable cmTryCompileExec320025797
/usr/bin/cmake -E cmake_link_script CMakeFiles/cmTryCompileExec320025797.dir/link.txt --verbose=1
/usr/bin/cc   -DCHECK_FUNCTION_EXISTS=pthread_create    CMakeFiles/cmTryCompileExec320025797.dir/CheckFunctionExists.c.o  -o cmTryCompileExec320025797 -rdynamic -lpthreads 
/usr/bin/ld: cannot find -lpthreads
collect2: error: ld returned 1 exit status
make[1]: Leaving directory `/home/kusanagi/Documents/Workspaces/autoware_calibration/build/CMakeFiles/CMakeTmp'
make[1]: *** [cmTryCompileExec320025797] Error 1
make: *** [cmTryCompileExec320025797/fast] Error 2


